<?xml version="1.0" encoding="UTF-8"?>
<!-- Generated by org.testng.reporters.JUnitReportReporter -->
<testsuite hostname="DESKTOP-UIVI7AV" failures="0" tests="1" name="atomBankModules.PlayStoreButton" time="11.488" errors="0" timestamp="16 Feb 2023 06:30:27 GMT" skipped="0">
  <testcase classname="atomBankModules.PlayStoreButton" name="playStore" time="11.488"/>
</testsuite> <!-- atomBankModules.PlayStoreButton -->
