<?xml version="1.0" encoding="UTF-8"?>
<!-- Generated by org.testng.reporters.JUnitReportReporter -->
<testsuite hostname="DESKTOP-UIVI7AV" failures="0" tests="1" name="nykaaXpath.Brand" time="13.323" errors="0" timestamp="02 Mar 2023 13:45:37 GMT" skipped="0">
  <testcase classname="nykaaXpath.Brand" name="carogories" time="13.323"/>
</testsuite> <!-- nykaaXpath.Brand -->
