<?xml version="1.0" encoding="UTF-8"?>
<!-- Generated by org.testng.reporters.JUnitReportReporter -->
<testsuite hostname="DESKTOP-UIVI7AV" failures="0" tests="1" name="nykaaXpath.Brand" time="10.581" errors="0" timestamp="08 Mar 2023 11:44:52 GMT" skipped="0">
  <testcase classname="nykaaXpath.Brand" name="carogories" time="10.581"/>
</testsuite> <!-- nykaaXpath.Brand -->
