<?xml version="1.0" encoding="UTF-8"?>
<!-- Generated by org.testng.reporters.JUnitReportReporter -->
<testsuite hostname="DESKTOP-UIVI7AV" failures="0" tests="1" name="atomBankModules.SettingMenu" time="6.107" errors="0" timestamp="16 Feb 2023 06:30:27 GMT" skipped="0">
  <testcase classname="atomBankModules.SettingMenu" name="setting" time="6.107"/>
</testsuite> <!-- atomBankModules.SettingMenu -->
