<?xml version="1.0" encoding="UTF-8"?>
<!-- Generated by org.testng.reporters.JUnitReportReporter -->
<testsuite hostname="DESKTOP-UIVI7AV" failures="0" tests="1" name="atomBankModules.MaortgagesMovingHomeMenu" time="9.721" errors="0" timestamp="16 Feb 2023 06:26:40 GMT" skipped="0">
  <testcase classname="atomBankModules.MaortgagesMovingHomeMenu" name="mormovemenu" time="9.721"/>
</testsuite> <!-- atomBankModules.MaortgagesMovingHomeMenu -->
