<?xml version="1.0" encoding="UTF-8"?>
<!-- Generated by org.testng.reporters.JUnitReportReporter -->
<testsuite hostname="DESKTOP-UIVI7AV" failures="0" tests="1" name="nykaaXpath.LuxePopup" time="13.478" errors="0" timestamp="04 Mar 2023 06:47:25 GMT" skipped="0">
  <testcase classname="nykaaXpath.LuxePopup" name="skin" time="13.478"/>
</testsuite> <!-- nykaaXpath.LuxePopup -->
